TN:
SF:cryptography\ciphers.js
FN:5,encrypt
FN:10,decrypt
FNF:2
FNH:0
FNDA:0,encrypt
FNDA:0,decrypt
DA:1,1
DA:2,1
DA:3,1
DA:4,1
DA:5,1
DA:6,0
DA:7,0
DA:8,0
DA:9,1
DA:10,1
DA:11,0
DA:12,0
DA:13,0
LF:13
LH:7
BRF:0
BRH:0
end_of_record
TN:
SF:cryptography\random.js
FN:3,generateRandomCharacters
FN:12,alphaNumericString
FN:19,numericString
FN:23,asciiString
FNF:4
FNH:1
FNDA:937,generateRandomCharacters
FNDA:0,alphaNumericString
FNDA:0,numericString
FNDA:0,asciiString
DA:1,1
DA:2,1
DA:3,1
DA:4,937
DA:5,937
DA:6,937
DA:7,3748
DA:8,3748
DA:9,937
DA:10,937
DA:11,1
DA:12,1
DA:13,0
DA:14,0
DA:15,0
DA:16,0
DA:17,0
DA:18,1
DA:19,1
DA:20,0
DA:21,0
DA:22,1
DA:23,1
DA:24,0
DA:25,0
LF:25
LH:16
BRDA:3,0,0,937
BRDA:6,1,0,3748
BRF:2
BRH:2
end_of_record
TN:
SF:models\code.js
FNF:0
FNH:0
DA:1,1
DA:2,1
DA:3,1
DA:4,1
DA:5,1
DA:6,1
DA:7,1
DA:8,1
DA:9,1
LF:9
LH:9
BRF:0
BRH:0
end_of_record
TN:
SF:models\users.js
FNF:0
FNH:0
DA:1,1
DA:2,1
DA:3,1
DA:4,1
DA:5,1
DA:6,1
DA:7,1
DA:8,1
DA:9,1
LF:9
LH:9
BRF:0
BRH:0
end_of_record
TN:
SF:models\vcs.js
FNF:0
FNH:0
DA:1,1
DA:2,1
DA:3,1
DA:4,1
DA:5,1
DA:6,1
DA:7,1
DA:8,1
DA:9,1
DA:10,1
DA:11,1
DA:12,1
DA:13,1
DA:14,1
DA:15,1
DA:16,1
DA:17,1
DA:18,1
DA:19,1
DA:20,1
LF:20
LH:20
BRF:0
BRH:0
end_of_record
TN:
SF:users\methods.js
FN:2,createUser
FN:12,existsUser
FN:22,getUser
FNF:3
FNH:1
FNDA:5,createUser
FNDA:0,existsUser
FNDA:0,getUser
DA:1,1
DA:2,1
DA:3,5
DA:4,5
DA:5,0
DA:6,0
DA:7,0
DA:8,0
DA:9,0
DA:10,0
DA:11,1
DA:12,1
DA:13,0
DA:14,0
DA:15,0
DA:16,0
DA:17,0
DA:18,0
DA:19,0
DA:20,0
DA:21,1
DA:22,1
DA:23,0
DA:24,0
DA:25,0
DA:26,0
DA:27,0
DA:28,0
DA:29,0
DA:30,0
LF:30
LH:8
BRDA:2,0,0,5
BRDA:3,1,0,0
BRDA:4,2,0,0
BRF:3
BRH:1
end_of_record
TN:
SF:vcs\call.js
FN:12,Call
FN:22,clone
FN:26,transform
FN:51,shift
FN:56,reverse
FN:65,invertCase
FN:78,reverseOddIndices
FN:91,invertCaseEvenIndices
FN:109,decodeCall
FNF:9
FNH:1
FNDA:3,Call
FNDA:0,clone
FNDA:0,transform
FNDA:0,shift
FNDA:0,reverse
FNDA:0,invertCase
FNDA:0,reverseOddIndices
FNDA:0,invertCaseEvenIndices
FNDA:0,decodeCall
DA:1,1
DA:2,1
DA:3,1
DA:4,1
DA:5,1
DA:6,1
DA:7,1
DA:8,1
DA:9,1
DA:10,1
DA:11,1
DA:12,1
DA:13,3
DA:14,3
DA:15,3
DA:16,3
DA:17,1
DA:18,1
DA:19,1
DA:20,1
DA:21,1
DA:22,1
DA:23,0
DA:24,0
DA:25,1
DA:26,1
DA:27,0
DA:28,0
DA:29,0
DA:30,0
DA:31,0
DA:32,0
DA:33,0
DA:34,0
DA:35,0
DA:36,0
DA:37,0
DA:38,0
DA:39,0
DA:40,0
DA:41,0
DA:42,0
DA:43,0
DA:44,0
DA:45,0
DA:46,0
DA:47,0
DA:48,0
DA:49,0
DA:50,0
DA:51,1
DA:52,0
DA:53,0
DA:54,0
DA:55,0
DA:56,1
DA:57,0
DA:58,0
DA:59,0
DA:60,0
DA:61,0
DA:62,0
DA:63,0
DA:64,0
DA:65,1
DA:66,0
DA:67,0
DA:68,0
DA:69,0
DA:70,0
DA:71,0
DA:72,0
DA:73,0
DA:74,0
DA:75,0
DA:76,0
DA:77,0
DA:78,1
DA:79,0
DA:80,0
DA:81,0
DA:82,0
DA:83,0
DA:84,0
DA:85,0
DA:86,0
DA:87,0
DA:88,0
DA:89,0
DA:90,0
DA:91,1
DA:92,0
DA:93,0
DA:94,0
DA:95,0
DA:96,0
DA:97,0
DA:98,0
DA:99,0
DA:100,0
DA:101,0
DA:102,0
DA:103,0
DA:104,0
DA:105,0
DA:106,0
DA:107,1
DA:108,1
DA:109,1
DA:110,0
DA:111,0
DA:112,0
DA:113,0
DA:114,0
DA:115,0
DA:116,0
DA:117,0
DA:118,0
DA:119,0
DA:120,0
DA:121,0
LF:121
LH:32
BRDA:12,0,0,3
BRF:1
BRH:1
end_of_record
TN:
SF:vcs\methods.js
FN:8,createVCSAndGetCode
FN:14,generateLinkCode
FN:24,fetchVCSFromCode
FN:32,storeVCSandGetLinkCode
FN:44,storeVCSinDb
FN:63,retrieveVCSfromDb
FN:74,storeCallinDb
FN:84,verifyCallResponse
FNF:8
FNH:0
FNDA:0,createVCSAndGetCode
FNDA:0,generateLinkCode
FNDA:0,fetchVCSFromCode
FNDA:0,storeVCSandGetLinkCode
FNDA:0,storeVCSinDb
FNDA:0,retrieveVCSfromDb
FNDA:0,storeCallinDb
FNDA:0,verifyCallResponse
DA:1,1
DA:2,1
DA:3,1
DA:4,1
DA:5,1
DA:6,1
DA:7,1
DA:8,1
DA:9,0
DA:10,0
DA:11,0
DA:12,0
DA:13,1
DA:14,0
DA:15,0
DA:16,0
DA:17,0
DA:18,0
DA:19,0
DA:20,0
DA:21,0
DA:22,0
DA:23,1
DA:24,1
DA:25,0
DA:26,0
DA:27,0
DA:28,0
DA:29,0
DA:30,0
DA:31,1
DA:32,1
DA:33,0
DA:34,0
DA:35,0
DA:36,0
DA:37,0
DA:38,0
DA:39,0
DA:40,0
DA:41,0
DA:42,0
DA:43,1
DA:44,1
DA:45,0
DA:46,0
DA:47,0
DA:48,0
DA:49,0
DA:50,0
DA:51,0
DA:52,0
DA:53,0
DA:54,0
DA:55,0
DA:56,0
DA:57,0
DA:58,0
DA:59,0
DA:60,0
DA:61,0
DA:62,1
DA:63,1
DA:64,0
DA:65,0
DA:66,0
DA:67,0
DA:68,0
DA:69,0
DA:70,0
DA:71,0
DA:72,0
DA:73,1
DA:74,1
DA:75,0
DA:76,0
DA:77,0
DA:78,0
DA:79,0
DA:80,0
DA:81,0
DA:82,0
DA:83,1
DA:84,1
DA:85,0
DA:86,0
DA:87,0
DA:88,0
DA:89,0
DA:90,0
DA:91,0
DA:92,0
DA:93,0
LF:93
LH:21
BRF:0
BRH:0
end_of_record
TN:
SF:vcs\vcs.js
FN:4,possibleCombinations
FN:8,allUniqueCharacters
FN:24,generateVCS
FN:55,loadVCS
FN:61,VCS
FN:76,reverseCharset
FN:84,generateCall
FN:101,<instance_members_initializer>
FN:101,toString
FN:109,isIdentical
FNF:10
FNH:10
FNDA:10,possibleCombinations
FNDA:10,allUniqueCharacters
FNDA:10,generateVCS
FNDA:1,loadVCS
FNDA:11,VCS
FNDA:13,reverseCharset
FNDA:3,generateCall
FNDA:11,<instance_members_initializer>
FNDA:1,toString
FNDA:1,isIdentical
DA:1,1
DA:2,1
DA:3,1
DA:4,10
DA:5,10
DA:6,10
DA:7,1
DA:8,10
DA:9,10
DA:10,10
DA:11,10
DA:12,0
DA:13,0
DA:14,1
DA:15,1
DA:16,1
DA:17,1
DA:18,1
DA:19,1
DA:20,1
DA:21,1
DA:22,1
DA:23,1
DA:24,1
DA:25,10
DA:26,10
DA:27,10
DA:28,10
DA:29,10
DA:30,10
DA:31,10
DA:32,10
DA:33,10
DA:34,10
DA:35,10
DA:36,10
DA:37,10
DA:38,10
DA:39,10
DA:40,10
DA:41,10
DA:42,95
DA:43,95
DA:44,937
DA:45,937
DA:46,0
DA:47,0
DA:48,937
DA:49,937
DA:50,95
DA:51,95
DA:52,10
DA:53,10
DA:54,1
DA:55,1
DA:56,1
DA:57,1
DA:58,1
DA:59,1
DA:60,1
DA:61,1
DA:62,11
DA:63,0
DA:64,0
DA:65,11
DA:66,105
DA:67,0
DA:68,0
DA:69,105
DA:70,11
DA:71,11
DA:72,11
DA:73,11
DA:74,11
DA:75,11
DA:76,1
DA:77,13
DA:78,13
DA:79,806
DA:80,806
DA:81,13
DA:82,13
DA:83,1
DA:84,1
DA:85,3
DA:86,3
DA:87,3
DA:88,3
DA:89,3
DA:90,3
DA:91,15
DA:92,15
DA:93,15
DA:94,15
DA:95,15
DA:96,15
DA:97,15
DA:98,3
DA:99,3
DA:100,1
DA:101,1
DA:102,1
DA:103,1
DA:104,10
DA:105,10
DA:106,10
DA:107,1
DA:108,1
DA:109,1
DA:110,1
DA:111,1
DA:112,1
DA:113,1
DA:114,1
DA:115,0
DA:116,0
DA:117,1
DA:118,10
DA:119,100
DA:120,0
DA:121,0
DA:122,100
DA:123,10
DA:124,1
DA:125,1
DA:126,1
LF:126
LH:114
BRDA:4,0,0,10
BRDA:8,1,0,10
BRDA:12,2,0,0
BRDA:24,3,0,10
BRDA:32,4,0,0
BRDA:36,5,0,0
BRDA:41,6,0,95
BRDA:43,7,0,937
BRDA:45,8,0,0
BRDA:45,9,0,0
BRDA:55,10,0,1
BRDA:61,11,0,11
BRDA:62,12,0,0
BRDA:65,13,0,105
BRDA:66,14,0,0
BRDA:76,15,0,13
BRDA:78,16,0,806
BRDA:84,17,0,3
BRDA:90,18,0,15
BRDA:101,19,0,11
BRDA:101,20,0,1
BRDA:103,21,0,10
BRDA:109,22,0,1
BRDA:114,23,0,0
BRDA:117,24,0,10
BRDA:118,25,0,100
BRDA:119,26,0,0
BRF:27
BRH:18
end_of_record
